<?xml version='1.0' encoding='UTF-8'?>
<testsuite hostname="DESKTOP-3I25LF2" name="TP_MapReduce_Test" tests="11" errors="0" failures="0" skipped="0" time="0.062" timestamp="2021-02-07T00:58:48">
                     <properties>
      <property name="jline.esc.timeout" value="0"/><property name="java.runtime.name" value="Java(TM) SE Runtime Environment"/><property name="sun.boot.library.path" value="C:\Program Files (x86)\Java\jdk1.8.0_161\jre\bin"/><property name="java.vm.version" value="25.161-b12"/><property name="java.vm.vendor" value="Oracle Corporation"/><property name="java.vendor.url" value="http://java.oracle.com/"/><property name="path.separator" value=";"/><property name="jna.loaded" value="true"/><property name="java.vm.name" value="Java HotSpot(TM) Client VM"/><property name="file.encoding.pkg" value="sun.io"/><property name="user.country" value="FR"/><property name="user.script" value=""/><property name="sun.java.launcher" value="SUN_STANDARD"/><property name="sun.os.patch.level" value=""/><property name="jna.nosys" value="true"/><property name="java.vm.specification.name" value="Java Virtual Machine Specification"/><property name="user.dir" value="D:\Ddownload\TP_MR"/><property name="java.runtime.version" value="1.8.0_161-b12"/><property name="java.awt.graphicsenv" value="sun.awt.Win32GraphicsEnvironment"/><property name="java.endorsed.dirs" value="C:\Program Files (x86)\Java\jdk1.8.0_161\jre\lib\endorsed"/><property name="os.arch" value="x86"/><property name="java.io.tmpdir" value="C:\Users\coren\AppData\Local\Temp\"/><property name="line.separator" value="
"/><property name="java.vm.specification.vendor" value="Oracle Corporation"/><property name="log4j.ignoreTCL" value="true"/><property name="user.variant" value=""/><property name="os.name" value="Windows 10"/><property name="sun.jnu.encoding" value="Cp1252"/><property name="jnidispatch.path" value="C:\Users\coren\AppData\Local\Temp\jna-94848175\jna2394072874518898706.dll"/><property name="java.library.path" value="C:\Program Files (x86)\Java\jdk1.8.0_161\bin;C:\WINDOWS\Sun\Java\bin;C:\WINDOWS\system32;C:\WINDOWS;C:\Program Files (x86)\Java\jdk1.8.0_161\bin;C:\Program Files\AdoptOpenJDK\jdk-8.0.272.10-hotspot\bin;C:\oraclexe\app\oracle\product\11.2.0\server\bin;C:\Program Files (x86)\Intel\iCLS Client\;C:\Program Files\Intel\iCLS Client\;C:\WINDOWS\system32;C:\WINDOWS;C:\WINDOWS\System32\Wbem;C:\WINDOWS\System32\WindowsPowerShell\v1.0\;C:\Program Files (x86)\Intel\Intel(R) Management Engine Components\DAL;C:\Program Files\Intel\Intel(R) Management Engine Components\DAL;C:\Program Files (x86)\Intel\Intel(R) Management Engine Components\IPT;C:\Program Files\Intel\Intel(R) Management Engine Components\IPT;C:\WINDOWS\System32\OpenSSH\;C:\Program Files\Git\cmd;C:\Program Files\Git\mingw64\bin;C:\Program Files\Git\usr\bin;C:\Program Files (x86)\Microsoft SQL Server\150\DTS\Binn\;C:\Users\coren\AppData\Local\Programs\Python\Python36-32;C:\Users\coren\Downloads\apache-maven-3.6.3\bin;C:\Program Files (x86)\Java\jdk1.8.0_161;C:\Program Files\dotnet\;C:\Program Files (x86)\Java\jdk1.8.0_161\jre\bin;C:\Users\coren\AppData\Local\Programs\Python\Python36-32\Scripts;D:\NOSQL-prjt\Minikube;D:\NOSQL-prjt;D:\NOSQL-prjt\cockroach-v20.2.2.windows-6.2-amd64;C:\Users\coren\AppData\Local\Programs\Python\Python39\Scripts;C:\Users\coren\AppData\Local\Programs\Python\Python38\Scripts;D:\Ddownload\bin;C:\Users\coren\AppData\Local\Programs\Python\Python38\Scripts\;C:\Users\coren\AppData\Local\Programs\Python\Python38\;C:\Users\coren\AppData\Local\Programs\Python\Python39\Scripts\;C:\Users\coren\AppData\Local\Programs\Python\Python39\;C:\Users\coren\AppData\Local\Microsoft\WindowsApps;C:\Users\coren\AppData\Local\Programs\Microsoft VS Code\bin;C:\Users\coren\.dotnet\tools;C:\Users\coren\AppData\Local\atom\bin;C:\Program Files\JetBrains\IntelliJ IDEA Community Edition 2020.2.3\bin;;."/><property name="java.specification.name" value="Java Platform API Specification"/><property name="java.class.version" value="52.0"/><property name="sun.management.compiler" value="HotSpot Client Compiler"/><property name="os.version" value="10.0"/><property name="swoval.tmpdir" value="C:\Users\coren\.sbt\1.0"/><property name="user.home" value="C:\Users\coren"/><property name="user.timezone" value="Europe/Paris"/><property name="java.awt.printerjob" value="sun.awt.windows.WPrinterJob"/><property name="file.encoding" value="UTF-8"/><property name="java.specification.version" value="1.8"/><property name="java.class.path" value="D:\Ddownload\\bin\sbt-launch.jar"/><property name="user.name" value="coren"/><property name="jline.shutdownhook" value="false"/><property name="java.vm.specification.version" value="1.8"/><property name="sun.java.command" value="xsbt.boot.Boot test"/><property name="java.home" value="C:\Program Files (x86)\Java\jdk1.8.0_161\jre"/><property name="sun.arch.data.model" value="32"/><property name="user.language" value="fr"/><property name="java.specification.vendor" value="Oracle Corporation"/><property name="awt.toolkit" value="sun.awt.windows.WToolkit"/><property name="java.vm.info" value="mixed mode"/><property name="java.version" value="1.8.0_161"/><property name="java.ext.dirs" value="C:\Program Files (x86)\Java\jdk1.8.0_161\jre\lib\ext;C:\WINDOWS\Sun\Java\lib\ext"/><property name="sun.boot.class.path" value="C:\Program Files (x86)\Java\jdk1.8.0_161\jre\lib\resources.jar;C:\Program Files (x86)\Java\jdk1.8.0_161\jre\lib\rt.jar;C:\Program Files (x86)\Java\jdk1.8.0_161\jre\lib\sunrsasign.jar;C:\Program Files (x86)\Java\jdk1.8.0_161\jre\lib\jsse.jar;C:\Program Files (x86)\Java\jdk1.8.0_161\jre\lib\jce.jar;C:\Program Files (x86)\Java\jdk1.8.0_161\jre\lib\charsets.jar;C:\Program Files (x86)\Java\jdk1.8.0_161\jre\lib\jfr.jar;C:\Program Files (x86)\Java\jdk1.8.0_161\jre\classes"/><property name="java.vendor" value="Oracle Corporation"/><property name="sun.stderr.encoding" value="cp850"/><property name="file.separator" value="\"/><property name="java.vendor.url.bug" value="http://bugreport.sun.com/bugreport/"/><property name="sun.io.unicode.encoding" value="UnicodeLittle"/><property name="sun.cpu.endian" value="little"/><property name="sun.stdout.encoding" value="cp850"/><property name="sun.desktop" value="windows"/><property name="sun.cpu.isalist" value="pentium_pro+mmx pentium_pro pentium+mmx pentium i486 i386 i86"/>
    </properties>
                     <testcase classname="TP_MapReduce_Test" name="giveMeHelloString function" time="0.015">
                                                 
                                               </testcase><testcase classname="TP_MapReduce_Test" name="lastA function" time="0.0">
                                                 
                                               </testcase><testcase classname="TP_MapReduce_Test" name="lastB function" time="0.0">
                                                 
                                               </testcase><testcase classname="TP_MapReduce_Test" name="nthA function" time="0.0">
                                                 
                                               </testcase><testcase classname="TP_MapReduce_Test" name="nthB function" time="0.0">
                                                 
                                               </testcase><testcase classname="TP_MapReduce_Test" name="reverseA function" time="0.0">
                                                 
                                               </testcase><testcase classname="TP_MapReduce_Test" name="reverseB function" time="0.0">
                                                 
                                               </testcase><testcase classname="TP_MapReduce_Test" name="salarySum function" time="0.0">
                                                 
                                               </testcase><testcase classname="TP_MapReduce_Test" name="addressOf function" time="0.0">
                                                 
                                               </testcase><testcase classname="TP_MapReduce_Test" name="average function" time="0.0">
                                                 
                                               </testcase><testcase classname="TP_MapReduce_Test" name="monoid" time="0.047">
                                                 
                                               </testcase>
                     <system-out><![CDATA[]]></system-out>
                     <system-err><![CDATA[]]></system-err>
                   </testsuite>